app/build/outputs/mapping/release/mapping.txt
# compiler: R8
# compiler_version: 1.4.94
# min_api: 21
...
com.bumptech.glide.load.model.UrlUriLoader$StreamFactory -> pc$a:
    com.bumptech.glide.load.model.ModelLoader build(com.bumptech.glide.load.model.MultiModelLoaderFactory) -> a
com.bumptech.glide.load.model.stream.HttpGlideUrlLoader -> qc:
    com.bumptech.glide.load.Option TIMEOUT -> a
    com.bumptech.glide.load.model.ModelCache modelCache -> b
    1:1:com.bumptech.glide.load.model.ModelLoader$LoadData buildLoadData(com.bumptech.glide.load.model.GlideUrl,int,int,com.bumptech.glide.load.Options):0:0 -> a
    1:1:com.bumptech.glide.load.model.ModelLoader$LoadData buildLoadData(java.lang.Object,int,int,com.bumptech.glide.load.Options):0 -> a
    boolean handles(java.lang.Object) -> a
com.bumptech.glide.load.model.stream.HttpGlideUrlLoader$Factory -> qc$a:
    com.bumptech.glide.load.model.ModelCache modelCache -> a
    com.bumptech.glide.load.model.ModelLoader build(com.bumptech.glide.load.model.MultiModelLoaderFactory) -> a
com.bumptech.glide.load.model.stream.HttpUriLoader -> rc:
    java.util.Set SCHEMES -> a
    com.bumptech.glide.load.model.ModelLoader urlLoader -> b
    1:1:com.bumptech.glide.load.model.ModelLoader$LoadData buildLoadData(android.net.Uri,int,int,com.bumptech.glide.load.Options):0:0 -> a
    1:1:com.bumptech.glide.load.model.ModelLoader$LoadData buildLoadData(java.lang.Object,int,int,com.bumptech.glide.load.Options):0 -> a
    2:2:boolean handles(android.net.Uri):0:0 -> a
    2:2:boolean handles(java.lang.Object):0 -> a
com.bumptech.glide.load.model.stream.HttpUriLoader$Factory -> rc$a:
    com.bumptech.glide.load.model.ModelLoader build(com.bumptech.glide.load.model.MultiModelLoaderFactory) -> a
com.bumptech.glide.load.model.stream.MediaStoreImageThumbLoader -> sc:
    android.content.Context context -> a
    1:1:com.bumptech.glide.load.model.ModelLoader$LoadData buildLoadData(android.net.Uri,int,int,com.bumptech.glide.load.Options):0:0 -> a
    1:1:com.bumptech.glide.load.model.ModelLoader$LoadData buildLoadData(java.lang.Object,int,int,com.bumptech.glide.load.Options):0 -> a
    2:2:com.bumptech.glide.load.data.mediastore.ThumbFetcher com.bumptech.glide.load.data.mediastore.ThumbFetcher.buildImageFetcher(android.content.Context,android.net.Uri):0:0 -> a
    2:2:com.bumptech.glide.load.model.ModelLoader$LoadData buildLoadData(android.net.Uri,int,int,com.bumptech.glide.load.Options):0 -> a
    2:2:com.bumptech.glide.load.model.ModelLoader$LoadData buildLoadData(java.lang.Object,int,int,com.bumptech.glide.load.Options):0 -> a
    3:3:com.bumptech.glide.load.model.ModelLoader$LoadData buildLoadData(android.net.Uri,int,int,com.bumptech.glide.load.Options):0:0 -> a
    3:3:com.bumptech.glide.load.model.ModelLoader$LoadData buildLoadData(java.lang.Object,int,int,com.bumptech.glide.load.Options):0 -> a
    4:4:boolean com.bumptech.glide.load.data.mediastore.MediaStoreUtil.isMediaStoreImageUri(android.net.Uri):0:0 -> a
    4:4:boolean handles(android.net.Uri):0 -> a
    4:4:boolean handles(java.lang.Object):0 -> a
com.bumptech.glide.load.model.stream.MediaStoreImageThumbLoader$Factory -> sc$a:
    android.content.Context context -> a
    com.bumptech.glide.load.model.ModelLoader build(com.bumptech.glide.load.model.MultiModelLoaderFactory) -> a